-->Fri Apr  5 12:03:47 2019
	客户端(0x1e732c0)连接到服务器

-->Fri Apr  5 12:03:47 2019
	客户端(0x1e732c0)离开
	104Connection reset by peer

-->Fri Apr  5 12:03:47 2019
	发送消息错误:
	32Broken pipe

-->Fri Apr  5 12:03:47 2019
在线人数:0

-->Fri Apr  5 12:03:47 2019
在线人数:0

-->Fri Apr  5 12:03:47 2019
在线人数:0

-->Fri Apr  5 12:03:47 2019
在线人数:0

-->Fri Apr  5 12:03:47 2019
在线人数:0

-->Fri Apr  5 12:03:47 2019
在线人数:0

-->Fri Apr  5 12:03:47 2019
	客户端(0x1e73580)连接到服务器

-->Fri Apr  5 12:03:47 2019
在线人数:1

-->Fri Apr  5 12:03:47 2019
		读取数据包内容错误:

	2End of file

-->Fri Apr  5 12:03:47 2019
在线人数:1

-->Fri Apr  5 12:03:47 2019
在线人数:1

-->Fri Apr  5 12:03:47 2019
在线人数:1

-->Fri Apr  5 12:03:47 2019
在线人数:1

-->Fri Apr  5 12:03:47 2019
在线人数:1

-->Fri Apr  5 12:03:47 2019
在线人数:1

-->Fri Apr  5 12:03:47 2019
在线人数:1

-->Fri Apr  5 12:03:47 2019
在线人数:1

-->Fri Apr  5 12:03:47 2019
在线人数:1

-->Fri Apr  5 12:03:47 2019
在线人数:1

-->Fri Apr  5 12:03:47 2019
在线人数:1

-->Fri Apr  5 12:03:47 2019
在线人数:1

-->Fri Apr  5 12:03:47 2019
在线人数:1

-->Fri Apr  5 12:03:47 2019
在线人数:1

-->Fri Apr  5 12:03:47 2019
在线人数:1

-->Fri Apr  5 12:03:47 2019
在线人数:1

-->Fri Apr  5 12:03:47 2019
在线人数:1

-->Fri Apr  5 12:03:47 2019
在线人数:1

-->Fri Apr  5 12:03:47 2019
在线人数:1

-->Fri Apr  5 12:03:47 2019
在线人数:1

-->Fri Apr  5 12:03:47 2019
在线人数:1

-->Fri Apr  5 12:03:47 2019
在线人数:1

-->Fri Apr  5 12:03:47 2019
在线人数:1

-->Fri Apr  5 12:03:47 2019
在线人数:1

-->Fri Apr  5 12:03:47 2019
在线人数:1

-->Fri Apr  5 12:03:47 2019
在线人数:1

-->Fri Apr  5 12:03:47 2019
在线人数:1

-->Fri Apr  5 12:03:47 2019
在线人数:1

-->Fri Apr  5 12:03:47 2019
在线人数:1

-->Fri Apr  5 12:03:47 2019
在线人数:1

-->Fri Apr  5 12:03:47 2019
在线人数:1

-->Fri Apr  5 12:03:47 2019
在线人数:1

-->Fri Apr  5 12:03:47 2019
在线人数:1

-->Fri Apr  5 12:03:47 2019
	客户端(0x1e728b0)连接到服务器

-->Fri Apr  5 12:03:47 2019
	客户端(0x1e728b0)离开
	2End of file

-->Fri Apr  5 12:03:47 2019
在线人数:1

-->Fri Apr  5 12:03:47 2019
在线人数:1

-->Fri Apr  5 12:03:47 2019
在线人数:1

-->Fri Apr  5 12:03:47 2019
在线人数:1

-->Fri Apr  5 12:03:47 2019
在线人数:1

-->Fri Apr  5 12:03:47 2019
在线人数:1

-->Fri Apr  5 12:03:47 2019
在线人数:1

-->Fri Apr  5 12:03:47 2019
在线人数:1

-->Fri Apr  5 12:03:47 2019
在线人数:1

-->Fri Apr  5 12:03:47 2019
在线人数:1

-->Fri Apr  5 12:03:47 2019
在线人数:1

-->Fri Apr  5 12:03:47 2019
在线人数:1

-->Fri Apr  5 12:03:47 2019
在线人数:1

-->Fri Apr  5 12:03:47 2019
在线人数:1

-->Fri Apr  5 12:03:47 2019
在线人数:1

-->Fri Apr  5 12:03:47 2019
在线人数:1

-->Fri Apr  5 12:03:47 2019
在线人数:1

-->Fri Apr  5 12:03:47 2019
在线人数:1

-->Fri Apr  5 12:03:47 2019
在线人数:1

-->Fri Apr  5 12:03:47 2019
在线人数:1

-->Fri Apr  5 12:03:47 2019
在线人数:1

-->Sun Apr  7 19:36:00 2019
在线人数:0

-->Sun Apr  7 19:36:00 2019
	客户端(0xa7d2c0)连接到服务器

-->Sun Apr  7 19:36:00 2019
	客户端(0xa7d2c0)离开
	104Connection reset by peer

-->Sun Apr  7 19:36:00 2019
	发送消息错误:
	32Broken pipe

